{"contracts/ANIV721Land.sol":{"l":{"15":87,"19":2,"23":1,"27":41,"31":41,"32":39},"path":"/Users/sixn/Workspace/CDLxSevenSol/SC_ERC721_LAND/contracts/ANIV721Land.sol","s":{"1":87,"2":2,"3":1,"4":41,"5":41,"6":39},"b":{"1":[41,0]},"f":{"1":87,"2":2,"3":1,"4":41},"fnMap":{"1":{"name":"constructor","line":13,"loc":{"start":{"line":12,"column":4},"end":{"line":16,"column":4}}},"2":{"name":"baseTokenURI","line":18,"loc":{"start":{"line":18,"column":4},"end":{"line":20,"column":4}}},"3":{"name":"totalSupply","line":22,"loc":{"start":{"line":22,"column":4},"end":{"line":24,"column":4}}},"4":{"name":"mint","line":26,"loc":{"start":{"line":26,"column":4},"end":{"line":33,"column":4}}}},"statementMap":{"1":{"start":{"line":15,"column":8},"end":{"line":15,"column":28}},"2":{"start":{"line":19,"column":8},"end":{"line":19,"column":71}},"3":{"start":{"line":23,"column":8},"end":{"line":23,"column":37}},"4":{"start":{"line":27,"column":8},"end":{"line":27,"column":777}},"5":{"start":{"line":31,"column":8},"end":{"line":31,"column":30}},"6":{"start":{"line":32,"column":8},"end":{"line":32,"column":31}}},"branchMap":{"1":{"line":27,"type":"if","locations":[{"start":{"line":27,"column":8},"end":{"line":27,"column":8}},{"start":{"line":27,"column":8},"end":{"line":27,"column":8}}]}}},"contracts/erc721/common/meta-transactions/ContentMixin.sol":{"l":{"11":194,"12":0,"13":0,"14":0,"22":194,"24":194},"path":"/Users/sixn/Workspace/CDLxSevenSol/SC_ERC721_LAND/contracts/erc721/common/meta-transactions/ContentMixin.sol","s":{"1":194,"2":0,"3":0,"4":194,"5":194},"b":{"1":[0,194]},"f":{"1":194},"fnMap":{"1":{"name":"msgSender","line":6,"loc":{"start":{"line":6,"column":4},"end":{"line":25,"column":4}}}},"statementMap":{"1":{"start":{"line":11,"column":8},"end":{"line":11,"column":210}},"2":{"start":{"line":12,"column":12},"end":{"line":12,"column":41}},"3":{"start":{"line":13,"column":12},"end":{"line":13,"column":43}},"4":{"start":{"line":22,"column":12},"end":{"line":22,"column":39}},"5":{"start":{"line":24,"column":8},"end":{"line":24,"column":21}}},"branchMap":{"1":{"line":11,"type":"if","locations":[{"start":{"line":11,"column":8},"end":{"line":11,"column":8}},{"start":{"line":11,"column":8},"end":{"line":11,"column":8}}]}}},"contracts/erc721/common/meta-transactions/EIP712Base.sol":{"l":{"33":87,"37":87,"49":0,"53":87,"54":87,"57":87,"72":0},"path":"/Users/sixn/Workspace/CDLxSevenSol/SC_ERC721_LAND/contracts/erc721/common/meta-transactions/EIP712Base.sol","s":{"1":87,"2":87,"3":0,"4":87,"5":87,"6":0},"b":{},"f":{"1":87,"2":87,"3":0,"4":87,"5":0},"fnMap":{"1":{"name":"_initializeEIP712","line":31,"loc":{"start":{"line":27,"column":4},"end":{"line":34,"column":4}}},"2":{"name":"_setDomainSeperator","line":36,"loc":{"start":{"line":36,"column":4},"end":{"line":46,"column":4}}},"3":{"name":"getDomainSeperator","line":48,"loc":{"start":{"line":48,"column":4},"end":{"line":50,"column":4}}},"4":{"name":"getChainId","line":52,"loc":{"start":{"line":52,"column":4},"end":{"line":58,"column":4}}},"5":{"name":"toTypedMessageHash","line":67,"loc":{"start":{"line":67,"column":4},"end":{"line":76,"column":4}}}},"statementMap":{"1":{"start":{"line":33,"column":8},"end":{"line":33,"column":32}},"2":{"start":{"line":37,"column":8},"end":{"line":37,"column":985}},"3":{"start":{"line":49,"column":8},"end":{"line":49,"column":30}},"4":{"start":{"line":53,"column":8},"end":{"line":53,"column":18}},"5":{"start":{"line":57,"column":8},"end":{"line":57,"column":17}},"6":{"start":{"line":72,"column":8},"end":{"line":72,"column":2017}}},"branchMap":{}},"contracts/erc721/common/meta-transactions/Initializable.sol":{"l":{"9":87,"10":87,"11":87},"path":"/Users/sixn/Workspace/CDLxSevenSol/SC_ERC721_LAND/contracts/erc721/common/meta-transactions/Initializable.sol","s":{"1":87,"2":87},"b":{"1":[87,0]},"f":{"1":87},"fnMap":{"1":{"name":"initializer","line":8,"loc":{"start":{"line":8,"column":4},"end":{"line":12,"column":4}}}},"statementMap":{"1":{"start":{"line":9,"column":8},"end":{"line":9,"column":41}},"2":{"start":{"line":11,"column":8},"end":{"line":11,"column":20}}},"branchMap":{"1":{"line":9,"type":"if","locations":[{"start":{"line":9,"column":8},"end":{"line":9,"column":8}},{"start":{"line":9,"column":8},"end":{"line":9,"column":8}}]}}},"contracts/erc721/common/meta-transactions/NativeMetaTransaction.sol":{"l":{"40":0,"46":0,"52":0,"54":0,"61":0,"64":0,"66":0,"74":0,"86":0,"96":0,"97":0},"path":"/Users/sixn/Workspace/CDLxSevenSol/SC_ERC721_LAND/contracts/erc721/common/meta-transactions/NativeMetaTransaction.sol","s":{"1":0,"2":0,"3":0,"4":0,"5":0,"6":0,"7":0,"8":0,"9":0,"10":0,"11":0},"b":{"1":[0,0],"2":[0,0],"3":[0,0]},"f":{"1":0,"2":0,"3":0,"4":0},"fnMap":{"1":{"name":"executeMetaTransaction","line":33,"loc":{"start":{"line":33,"column":4},"end":{"line":67,"column":4}}},"2":{"name":"hashMetaTransaction","line":69,"loc":{"start":{"line":69,"column":4},"end":{"line":83,"column":4}}},"3":{"name":"getNonce","line":85,"loc":{"start":{"line":85,"column":4},"end":{"line":87,"column":4}}},"4":{"name":"verify","line":89,"loc":{"start":{"line":89,"column":4},"end":{"line":105,"column":4}}}},"statementMap":{"1":{"start":{"line":40,"column":8},"end":{"line":40,"column":1206}},"2":{"start":{"line":46,"column":8},"end":{"line":46,"column":1395}},"3":{"start":{"line":52,"column":8},"end":{"line":52,"column":55}},"4":{"start":{"line":54,"column":8},"end":{"line":54,"column":1644}},"5":{"start":{"line":61,"column":8},"end":{"line":61,"column":1878}},"6":{"start":{"line":64,"column":8},"end":{"line":64,"column":55}},"7":{"start":{"line":66,"column":8},"end":{"line":66,"column":25}},"8":{"start":{"line":74,"column":8},"end":{"line":74,"column":2243}},"9":{"start":{"line":86,"column":8},"end":{"line":86,"column":27}},"10":{"start":{"line":96,"column":8},"end":{"line":96,"column":77}},"11":{"start":{"line":97,"column":8},"end":{"line":97,"column":2894}}},"branchMap":{"1":{"line":46,"type":"if","locations":[{"start":{"line":46,"column":8},"end":{"line":46,"column":8}},{"start":{"line":46,"column":8},"end":{"line":46,"column":8}}]},"2":{"line":64,"type":"if","locations":[{"start":{"line":64,"column":8},"end":{"line":64,"column":8}},{"start":{"line":64,"column":8},"end":{"line":64,"column":8}}]},"3":{"line":96,"type":"if","locations":[{"start":{"line":96,"column":8},"end":{"line":96,"column":8}},{"start":{"line":96,"column":8},"end":{"line":96,"column":8}}]}}},"contracts/erc721/ERC721Tradable.sol":{"l":{"54":87,"55":87,"56":87,"80":1,"103":8,"110":172,"117":22,"118":17,"120":21,"124":6,"128":1,"129":1,"130":5,"132":1,"136":17,"137":16,"138":16,"139":16,"140":16},"path":"/Users/sixn/Workspace/CDLxSevenSol/SC_ERC721_LAND/contracts/erc721/ERC721Tradable.sol","s":{"1":87,"2":87,"3":87,"4":1,"5":8,"6":172,"7":22,"8":17,"9":21,"10":6,"11":1,"12":1,"13":5,"14":1,"15":17,"16":16,"17":16,"18":16,"19":16},"b":{"1":[17,5],"2":[16,1],"3":[16,0]},"f":{"1":87,"2":1,"3":8,"4":172,"5":22,"6":6,"7":1,"8":17},"fnMap":{"1":{"name":"constructor","line":53,"loc":{"start":{"line":49,"column":4},"end":{"line":57,"column":4}}},"2":{"name":"tokenURI","line":74,"loc":{"start":{"line":74,"column":4},"end":{"line":84,"column":4}}},"3":{"name":"isApprovedForAll","line":89,"loc":{"start":{"line":89,"column":4},"end":{"line":104,"column":4}}},"4":{"name":"_msgSender","line":109,"loc":{"start":{"line":109,"column":4},"end":{"line":111,"column":4}}},"5":{"name":"approve","line":116,"loc":{"start":{"line":116,"column":4},"end":{"line":121,"column":4}}},"6":{"name":"addOperator","line":123,"loc":{"start":{"line":123,"column":4},"end":{"line":125,"column":4}}},"7":{"name":"revokeOperator","line":127,"loc":{"start":{"line":127,"column":4},"end":{"line":133,"column":4}}},"8":{"name":"_addLandToOperator","line":135,"loc":{"start":{"line":135,"column":4},"end":{"line":141,"column":4}}}},"statementMap":{"1":{"start":{"line":54,"column":8},"end":{"line":54,"column":35}},"2":{"start":{"line":55,"column":8},"end":{"line":55,"column":51}},"3":{"start":{"line":56,"column":8},"end":{"line":56,"column":31}},"4":{"start":{"line":80,"column":8},"end":{"line":80,"column":2272}},"5":{"start":{"line":103,"column":8},"end":{"line":103,"column":54}},"6":{"start":{"line":110,"column":8},"end":{"line":110,"column":39}},"7":{"start":{"line":117,"column":8},"end":{"line":117,"column":3468}},"8":{"start":{"line":118,"column":12},"end":{"line":118,"column":42}},"9":{"start":{"line":120,"column":8},"end":{"line":120,"column":33}},"10":{"start":{"line":124,"column":8},"end":{"line":124,"column":23}},"11":{"start":{"line":128,"column":8},"end":{"line":128,"column":62}},"12":{"start":{"line":129,"column":8},"end":{"line":129,"column":3816}},"13":{"start":{"line":130,"column":12},"end":{"line":130,"column":44}},"14":{"start":{"line":132,"column":8},"end":{"line":132,"column":26}},"15":{"start":{"line":136,"column":8},"end":{"line":136,"column":57}},"16":{"start":{"line":137,"column":8},"end":{"line":137,"column":77}},"17":{"start":{"line":138,"column":8},"end":{"line":138,"column":63}},"18":{"start":{"line":139,"column":8},"end":{"line":139,"column":29}},"19":{"start":{"line":140,"column":8},"end":{"line":140,"column":44}}},"branchMap":{"1":{"line":117,"type":"if","locations":[{"start":{"line":117,"column":8},"end":{"line":117,"column":8}},{"start":{"line":117,"column":8},"end":{"line":117,"column":8}}]},"2":{"line":136,"type":"if","locations":[{"start":{"line":136,"column":8},"end":{"line":136,"column":8}},{"start":{"line":136,"column":8},"end":{"line":136,"column":8}}]},"3":{"line":137,"type":"if","locations":[{"start":{"line":137,"column":8},"end":{"line":137,"column":8}},{"start":{"line":137,"column":8},"end":{"line":137,"column":8}}]}}},"contracts/Operator.sol":{"l":{"10":6,"11":6,"12":5,"16":1,"17":1,"18":1,"22":26},"path":"/Users/sixn/Workspace/CDLxSevenSol/SC_ERC721_LAND/contracts/Operator.sol","s":{"1":6,"2":6,"3":5,"4":1,"5":1,"6":26},"b":{"1":[6,0],"2":[5,1],"3":[1,0],"4":[1,0]},"f":{"1":6,"2":1,"3":26},"fnMap":{"1":{"name":"_addOperator","line":9,"loc":{"start":{"line":9,"column":4},"end":{"line":13,"column":4}}},"2":{"name":"_revokeOperator","line":15,"loc":{"start":{"line":15,"column":4},"end":{"line":19,"column":4}}},"3":{"name":"isOperator","line":21,"loc":{"start":{"line":21,"column":4},"end":{"line":23,"column":4}}}},"statementMap":{"1":{"start":{"line":10,"column":8},"end":{"line":10,"column":76}},"2":{"start":{"line":11,"column":8},"end":{"line":11,"column":63}},"3":{"start":{"line":12,"column":8},"end":{"line":12,"column":38}},"4":{"start":{"line":16,"column":8},"end":{"line":16,"column":76}},"5":{"start":{"line":17,"column":8},"end":{"line":17,"column":62}},"6":{"start":{"line":22,"column":8},"end":{"line":22,"column":39}}},"branchMap":{"1":{"line":10,"type":"if","locations":[{"start":{"line":10,"column":8},"end":{"line":10,"column":8}},{"start":{"line":10,"column":8},"end":{"line":10,"column":8}}]},"2":{"line":11,"type":"if","locations":[{"start":{"line":11,"column":8},"end":{"line":11,"column":8}},{"start":{"line":11,"column":8},"end":{"line":11,"column":8}}]},"3":{"line":16,"type":"if","locations":[{"start":{"line":16,"column":8},"end":{"line":16,"column":8}},{"start":{"line":16,"column":8},"end":{"line":16,"column":8}}]},"4":{"line":17,"type":"if","locations":[{"start":{"line":17,"column":8},"end":{"line":17,"column":8}},{"start":{"line":17,"column":8},"end":{"line":17,"column":8}}]}}},"contracts/test/MockProxyRegistry.sol":{"l":{"29":30},"path":"/Users/sixn/Workspace/CDLxSevenSol/SC_ERC721_LAND/contracts/test/MockProxyRegistry.sol","s":{"1":30},"b":{},"f":{"1":30},"fnMap":{"1":{"name":"setProxy","line":27,"loc":{"start":{"line":25,"column":2},"end":{"line":30,"column":2}}}},"statementMap":{"1":{"start":{"line":29,"column":6},"end":{"line":29,"column":41}}},"branchMap":{}}}