{"contracts/ANIV721Land.sol":{"l":{"15":90,"19":2,"23":1,"27":42,"28":42,"29":40},"path":"/Users/sixn/Workspace/CDLxSevenSol/SC_ERC721_LAND/contracts/ANIV721Land.sol","s":{"1":90,"2":2,"3":1,"4":42,"5":42,"6":40},"b":{"1":[42,0]},"f":{"1":90,"2":2,"3":1,"4":42},"fnMap":{"1":{"name":"constructor","line":13,"loc":{"start":{"line":12,"column":4},"end":{"line":16,"column":4}}},"2":{"name":"baseTokenURI","line":18,"loc":{"start":{"line":18,"column":4},"end":{"line":20,"column":4}}},"3":{"name":"totalSupply","line":22,"loc":{"start":{"line":22,"column":4},"end":{"line":24,"column":4}}},"4":{"name":"mint","line":26,"loc":{"start":{"line":26,"column":4},"end":{"line":30,"column":4}}}},"statementMap":{"1":{"start":{"line":15,"column":8},"end":{"line":15,"column":28}},"2":{"start":{"line":19,"column":8},"end":{"line":19,"column":71}},"3":{"start":{"line":23,"column":8},"end":{"line":23,"column":37}},"4":{"start":{"line":27,"column":8},"end":{"line":27,"column":78}},"5":{"start":{"line":28,"column":8},"end":{"line":28,"column":30}},"6":{"start":{"line":29,"column":8},"end":{"line":29,"column":31}}},"branchMap":{"1":{"line":27,"type":"if","locations":[{"start":{"line":27,"column":8},"end":{"line":27,"column":8}},{"start":{"line":27,"column":8},"end":{"line":27,"column":8}}]}}},"contracts/erc721/common/meta-transactions/ContentMixin.sol":{"l":{"11":178,"12":0,"13":0,"14":0,"22":178,"24":178},"path":"/Users/sixn/Workspace/CDLxSevenSol/SC_ERC721_LAND/contracts/erc721/common/meta-transactions/ContentMixin.sol","s":{"1":178,"2":0,"3":0,"4":178,"5":178},"b":{"1":[0,178]},"f":{"1":178},"fnMap":{"1":{"name":"msgSender","line":6,"loc":{"start":{"line":6,"column":4},"end":{"line":25,"column":4}}}},"statementMap":{"1":{"start":{"line":11,"column":8},"end":{"line":11,"column":210}},"2":{"start":{"line":12,"column":12},"end":{"line":12,"column":41}},"3":{"start":{"line":13,"column":12},"end":{"line":13,"column":43}},"4":{"start":{"line":22,"column":12},"end":{"line":22,"column":39}},"5":{"start":{"line":24,"column":8},"end":{"line":24,"column":21}}},"branchMap":{"1":{"line":11,"type":"if","locations":[{"start":{"line":11,"column":8},"end":{"line":11,"column":8}},{"start":{"line":11,"column":8},"end":{"line":11,"column":8}}]}}},"contracts/erc721/common/meta-transactions/EIP712Base.sol":{"l":{"33":90,"37":90,"49":0,"53":90,"54":90,"57":90,"72":0},"path":"/Users/sixn/Workspace/CDLxSevenSol/SC_ERC721_LAND/contracts/erc721/common/meta-transactions/EIP712Base.sol","s":{"1":90,"2":90,"3":0,"4":90,"5":90,"6":0},"b":{},"f":{"1":90,"2":90,"3":0,"4":90,"5":0},"fnMap":{"1":{"name":"_initializeEIP712","line":31,"loc":{"start":{"line":27,"column":4},"end":{"line":34,"column":4}}},"2":{"name":"_setDomainSeperator","line":36,"loc":{"start":{"line":36,"column":4},"end":{"line":46,"column":4}}},"3":{"name":"getDomainSeperator","line":48,"loc":{"start":{"line":48,"column":4},"end":{"line":50,"column":4}}},"4":{"name":"getChainId","line":52,"loc":{"start":{"line":52,"column":4},"end":{"line":58,"column":4}}},"5":{"name":"toTypedMessageHash","line":67,"loc":{"start":{"line":67,"column":4},"end":{"line":76,"column":4}}}},"statementMap":{"1":{"start":{"line":33,"column":8},"end":{"line":33,"column":32}},"2":{"start":{"line":37,"column":8},"end":{"line":37,"column":985}},"3":{"start":{"line":49,"column":8},"end":{"line":49,"column":30}},"4":{"start":{"line":53,"column":8},"end":{"line":53,"column":18}},"5":{"start":{"line":57,"column":8},"end":{"line":57,"column":17}},"6":{"start":{"line":72,"column":8},"end":{"line":72,"column":2017}}},"branchMap":{}},"contracts/erc721/common/meta-transactions/Initializable.sol":{"l":{"9":90,"10":90,"11":90},"path":"/Users/sixn/Workspace/CDLxSevenSol/SC_ERC721_LAND/contracts/erc721/common/meta-transactions/Initializable.sol","s":{"1":90,"2":90},"b":{"1":[90,0]},"f":{"1":90},"fnMap":{"1":{"name":"initializer","line":8,"loc":{"start":{"line":8,"column":4},"end":{"line":12,"column":4}}}},"statementMap":{"1":{"start":{"line":9,"column":8},"end":{"line":9,"column":41}},"2":{"start":{"line":11,"column":8},"end":{"line":11,"column":20}}},"branchMap":{"1":{"line":9,"type":"if","locations":[{"start":{"line":9,"column":8},"end":{"line":9,"column":8}},{"start":{"line":9,"column":8},"end":{"line":9,"column":8}}]}}},"contracts/erc721/common/meta-transactions/NativeMetaTransaction.sol":{"l":{"40":0,"46":0,"52":0,"54":0,"61":0,"64":0,"66":0,"74":0,"86":0,"96":0,"97":0},"path":"/Users/sixn/Workspace/CDLxSevenSol/SC_ERC721_LAND/contracts/erc721/common/meta-transactions/NativeMetaTransaction.sol","s":{"1":0,"2":0,"3":0,"4":0,"5":0,"6":0,"7":0,"8":0,"9":0,"10":0,"11":0},"b":{"1":[0,0],"2":[0,0],"3":[0,0]},"f":{"1":0,"2":0,"3":0,"4":0},"fnMap":{"1":{"name":"executeMetaTransaction","line":33,"loc":{"start":{"line":33,"column":4},"end":{"line":67,"column":4}}},"2":{"name":"hashMetaTransaction","line":69,"loc":{"start":{"line":69,"column":4},"end":{"line":83,"column":4}}},"3":{"name":"getNonce","line":85,"loc":{"start":{"line":85,"column":4},"end":{"line":87,"column":4}}},"4":{"name":"verify","line":89,"loc":{"start":{"line":89,"column":4},"end":{"line":105,"column":4}}}},"statementMap":{"1":{"start":{"line":40,"column":8},"end":{"line":40,"column":1206}},"2":{"start":{"line":46,"column":8},"end":{"line":46,"column":1395}},"3":{"start":{"line":52,"column":8},"end":{"line":52,"column":55}},"4":{"start":{"line":54,"column":8},"end":{"line":54,"column":1644}},"5":{"start":{"line":61,"column":8},"end":{"line":61,"column":1878}},"6":{"start":{"line":64,"column":8},"end":{"line":64,"column":55}},"7":{"start":{"line":66,"column":8},"end":{"line":66,"column":25}},"8":{"start":{"line":74,"column":8},"end":{"line":74,"column":2243}},"9":{"start":{"line":86,"column":8},"end":{"line":86,"column":27}},"10":{"start":{"line":96,"column":8},"end":{"line":96,"column":77}},"11":{"start":{"line":97,"column":8},"end":{"line":97,"column":2894}}},"branchMap":{"1":{"line":46,"type":"if","locations":[{"start":{"line":46,"column":8},"end":{"line":46,"column":8}},{"start":{"line":46,"column":8},"end":{"line":46,"column":8}}]},"2":{"line":64,"type":"if","locations":[{"start":{"line":64,"column":8},"end":{"line":64,"column":8}},{"start":{"line":64,"column":8},"end":{"line":64,"column":8}}]},"3":{"line":96,"type":"if","locations":[{"start":{"line":96,"column":8},"end":{"line":96,"column":8}},{"start":{"line":96,"column":8},"end":{"line":96,"column":8}}]}}},"contracts/erc721/ERC721Tradable.sol":{"l":{"54":90,"55":90,"56":90,"72":1,"88":9,"89":9,"90":3,"93":6,"100":178,"107":22,"108":17,"110":21,"114":7,"118":1,"119":1,"120":1,"121":5,"126":17,"127":16,"128":16,"129":16,"130":16,"138":46,"139":1,"141":45},"path":"/Users/sixn/Workspace/CDLxSevenSol/SC_ERC721_LAND/contracts/erc721/ERC721Tradable.sol","s":{"1":90,"2":90,"3":90,"4":1,"5":9,"6":9,"7":3,"8":6,"9":178,"10":22,"11":17,"12":21,"13":7,"14":1,"15":1,"16":1,"17":5,"18":17,"19":16,"20":16,"21":16,"22":16,"23":46,"24":1,"25":45},"b":{"1":[3,6],"2":[17,5],"3":[16,1],"4":[16,0],"5":[1,45],"6":[0,1]},"f":{"1":90,"2":1,"3":9,"4":178,"5":22,"6":7,"7":1,"8":17,"9":46},"fnMap":{"1":{"name":"constructor","line":53,"loc":{"start":{"line":49,"column":4},"end":{"line":57,"column":4}}},"2":{"name":"tokenURI","line":66,"loc":{"start":{"line":66,"column":4},"end":{"line":76,"column":4}}},"3":{"name":"isApprovedForAll","line":81,"loc":{"start":{"line":81,"column":4},"end":{"line":94,"column":4}}},"4":{"name":"_msgSender","line":99,"loc":{"start":{"line":99,"column":4},"end":{"line":101,"column":4}}},"5":{"name":"approve","line":106,"loc":{"start":{"line":106,"column":4},"end":{"line":111,"column":4}}},"6":{"name":"addOperator","line":113,"loc":{"start":{"line":113,"column":4},"end":{"line":115,"column":4}}},"7":{"name":"revokeOperator","line":117,"loc":{"start":{"line":117,"column":4},"end":{"line":123,"column":4}}},"8":{"name":"_addLandToOperator","line":125,"loc":{"start":{"line":125,"column":4},"end":{"line":131,"column":4}}},"9":{"name":"_beforeTokenTransfer","line":133,"loc":{"start":{"line":133,"column":4},"end":{"line":142,"column":4}}}},"statementMap":{"1":{"start":{"line":54,"column":8},"end":{"line":54,"column":35}},"2":{"start":{"line":55,"column":8},"end":{"line":55,"column":51}},"3":{"start":{"line":56,"column":8},"end":{"line":56,"column":31}},"4":{"start":{"line":72,"column":8},"end":{"line":72,"column":2084}},"5":{"start":{"line":88,"column":8},"end":{"line":88,"column":73}},"6":{"start":{"line":89,"column":8},"end":{"line":89,"column":2608}},"7":{"start":{"line":90,"column":12},"end":{"line":90,"column":23}},"8":{"start":{"line":93,"column":8},"end":{"line":93,"column":54}},"9":{"start":{"line":100,"column":8},"end":{"line":100,"column":39}},"10":{"start":{"line":107,"column":8},"end":{"line":107,"column":3193}},"11":{"start":{"line":108,"column":12},"end":{"line":108,"column":42}},"12":{"start":{"line":110,"column":8},"end":{"line":110,"column":33}},"13":{"start":{"line":114,"column":8},"end":{"line":114,"column":23}},"14":{"start":{"line":118,"column":8},"end":{"line":118,"column":26}},"15":{"start":{"line":119,"column":8},"end":{"line":119,"column":62}},"16":{"start":{"line":120,"column":8},"end":{"line":120,"column":3569}},"17":{"start":{"line":121,"column":12},"end":{"line":121,"column":44}},"18":{"start":{"line":126,"column":8},"end":{"line":126,"column":57}},"19":{"start":{"line":127,"column":8},"end":{"line":127,"column":77}},"20":{"start":{"line":128,"column":8},"end":{"line":128,"column":63}},"21":{"start":{"line":129,"column":8},"end":{"line":129,"column":29}},"22":{"start":{"line":130,"column":8},"end":{"line":130,"column":44}},"23":{"start":{"line":138,"column":8},"end":{"line":138,"column":4195}},"24":{"start":{"line":139,"column":12},"end":{"line":139,"column":73}},"25":{"start":{"line":141,"column":8},"end":{"line":141,"column":52}}},"branchMap":{"1":{"line":89,"type":"if","locations":[{"start":{"line":89,"column":8},"end":{"line":89,"column":8}},{"start":{"line":89,"column":8},"end":{"line":89,"column":8}}]},"2":{"line":107,"type":"if","locations":[{"start":{"line":107,"column":8},"end":{"line":107,"column":8}},{"start":{"line":107,"column":8},"end":{"line":107,"column":8}}]},"3":{"line":126,"type":"if","locations":[{"start":{"line":126,"column":8},"end":{"line":126,"column":8}},{"start":{"line":126,"column":8},"end":{"line":126,"column":8}}]},"4":{"line":127,"type":"if","locations":[{"start":{"line":127,"column":8},"end":{"line":127,"column":8}},{"start":{"line":127,"column":8},"end":{"line":127,"column":8}}]},"5":{"line":138,"type":"if","locations":[{"start":{"line":138,"column":8},"end":{"line":138,"column":8}},{"start":{"line":138,"column":8},"end":{"line":138,"column":8}}]},"6":{"line":139,"type":"if","locations":[{"start":{"line":139,"column":12},"end":{"line":139,"column":12}},{"start":{"line":139,"column":12},"end":{"line":139,"column":12}}]}}},"contracts/Operator.sol":{"l":{"10":7,"11":7,"12":6,"16":1,"17":1,"18":1,"22":73},"path":"/Users/sixn/Workspace/CDLxSevenSol/SC_ERC721_LAND/contracts/Operator.sol","s":{"1":7,"2":7,"3":6,"4":1,"5":1,"6":73},"b":{"1":[7,0],"2":[6,1],"3":[1,0],"4":[1,0]},"f":{"1":7,"2":1,"3":73},"fnMap":{"1":{"name":"_addOperator","line":9,"loc":{"start":{"line":9,"column":4},"end":{"line":13,"column":4}}},"2":{"name":"_revokeOperator","line":15,"loc":{"start":{"line":15,"column":4},"end":{"line":19,"column":4}}},"3":{"name":"isOperator","line":21,"loc":{"start":{"line":21,"column":4},"end":{"line":23,"column":4}}}},"statementMap":{"1":{"start":{"line":10,"column":8},"end":{"line":10,"column":76}},"2":{"start":{"line":11,"column":8},"end":{"line":11,"column":63}},"3":{"start":{"line":12,"column":8},"end":{"line":12,"column":38}},"4":{"start":{"line":16,"column":8},"end":{"line":16,"column":76}},"5":{"start":{"line":17,"column":8},"end":{"line":17,"column":62}},"6":{"start":{"line":22,"column":8},"end":{"line":22,"column":39}}},"branchMap":{"1":{"line":10,"type":"if","locations":[{"start":{"line":10,"column":8},"end":{"line":10,"column":8}},{"start":{"line":10,"column":8},"end":{"line":10,"column":8}}]},"2":{"line":11,"type":"if","locations":[{"start":{"line":11,"column":8},"end":{"line":11,"column":8}},{"start":{"line":11,"column":8},"end":{"line":11,"column":8}}]},"3":{"line":16,"type":"if","locations":[{"start":{"line":16,"column":8},"end":{"line":16,"column":8}},{"start":{"line":16,"column":8},"end":{"line":16,"column":8}}]},"4":{"line":17,"type":"if","locations":[{"start":{"line":17,"column":8},"end":{"line":17,"column":8}},{"start":{"line":17,"column":8},"end":{"line":17,"column":8}}]}}},"contracts/test/MockProxyRegistry.sol":{"l":{"29":31},"path":"/Users/sixn/Workspace/CDLxSevenSol/SC_ERC721_LAND/contracts/test/MockProxyRegistry.sol","s":{"1":31},"b":{},"f":{"1":31},"fnMap":{"1":{"name":"setProxy","line":27,"loc":{"start":{"line":25,"column":2},"end":{"line":30,"column":2}}}},"statementMap":{"1":{"start":{"line":29,"column":6},"end":{"line":29,"column":41}}},"branchMap":{}}}