{
"contracts/ANIV721Land.sol":{"l":{"19":90,"23":2,"27":1,"31":42,"32":42,"33":40},"path":"/Users/sixn/Workspace/CDLxSevenSol/SC_ERC721_LAND/contracts/ANIV721Land.sol","s":{"1":90,"2":2,"3":1,"4":42,"5":42,"6":40},"b":{"1":[42,0]},"f":{"1":90,"2":2,"3":1,"4":42},"fnMap":{"1":{"name":"constructor","line":17,"loc":{"start":{"line":12,"column":4},"end":{"line":20,"column":4}}},"2":{"name":"baseTokenURI","line":22,"loc":{"start":{"line":22,"column":4},"end":{"line":24,"column":4}}},"3":{"name":"totalSupply","line":26,"loc":{"start":{"line":26,"column":4},"end":{"line":28,"column":4}}},"4":{"name":"mint","line":30,"loc":{"start":{"line":30,"column":4},"end":{"line":34,"column":4}}}},"statementMap":{"1":{"start":{"line":19,"column":8},"end":{"line":19,"column":28}},"2":{"start":{"line":23,"column":8},"end":{"line":23,"column":41}},"3":{"start":{"line":27,"column":8},"end":{"line":27,"column":37}},"4":{"start":{"line":31,"column":8},"end":{"line":31,"column":78}},"5":{"start":{"line":32,"column":8},"end":{"line":32,"column":30}},"6":{"start":{"line":33,"column":8},"end":{"line":33,"column":31}}},"branchMap":{"1":{"line":31,"type":"if","locations":[{"start":{"line":31,"column":8},"end":{"line":31,"column":8}},{"start":{"line":31,"column":8},"end":{"line":31,"column":8}}]}}},
"contracts/erc721/common/meta-transactions/ContentMixin.sol":{"l":{"11":178,"12":0,"13":0,"14":0,"22":178,"24":178},"path":"/Users/sixn/Workspace/CDLxSevenSol/SC_ERC721_LAND/contracts/erc721/common/meta-transactions/ContentMixin.sol","s":{"1":178,"2":0,"3":0,"4":178,"5":178},"b":{"1":[0,178]},"f":{"1":178},"fnMap":{"1":{"name":"msgSender","line":6,"loc":{"start":{"line":6,"column":4},"end":{"line":25,"column":4}}}},"statementMap":{"1":{"start":{"line":11,"column":8},"end":{"line":11,"column":210}},"2":{"start":{"line":12,"column":12},"end":{"line":12,"column":41}},"3":{"start":{"line":13,"column":12},"end":{"line":13,"column":43}},"4":{"start":{"line":22,"column":12},"end":{"line":22,"column":39}},"5":{"start":{"line":24,"column":8},"end":{"line":24,"column":21}}},"branchMap":{"1":{"line":11,"type":"if","locations":[{"start":{"line":11,"column":8},"end":{"line":11,"column":8}},{"start":{"line":11,"column":8},"end":{"line":11,"column":8}}]}}},
"contracts/erc721/common/meta-transactions/EIP712Base.sol":{"l":{"33":90,"37":90,"49":0,"53":90,"54":90,"57":90,"72":0},"path":"/Users/sixn/Workspace/CDLxSevenSol/SC_ERC721_LAND/contracts/erc721/common/meta-transactions/EIP712Base.sol","s":{"1":90,"2":90,"3":0,"4":90,"5":90,"6":0},"b":{},"f":{"1":90,"2":90,"3":0,"4":90,"5":0},"fnMap":{"1":{"name":"_initializeEIP712","line":31,"loc":{"start":{"line":27,"column":4},"end":{"line":34,"column":4}}},"2":{"name":"_setDomainSeperator","line":36,"loc":{"start":{"line":36,"column":4},"end":{"line":46,"column":4}}},"3":{"name":"getDomainSeperator","line":48,"loc":{"start":{"line":48,"column":4},"end":{"line":50,"column":4}}},"4":{"name":"getChainId","line":52,"loc":{"start":{"line":52,"column":4},"end":{"line":58,"column":4}}},"5":{"name":"toTypedMessageHash","line":67,"loc":{"start":{"line":67,"column":4},"end":{"line":76,"column":4}}}},"statementMap":{"1":{"start":{"line":33,"column":8},"end":{"line":33,"column":32}},"2":{"start":{"line":37,"column":8},"end":{"line":37,"column":985}},"3":{"start":{"line":49,"column":8},"end":{"line":49,"column":30}},"4":{"start":{"line":53,"column":8},"end":{"line":53,"column":18}},"5":{"start":{"line":57,"column":8},"end":{"line":57,"column":17}},"6":{"start":{"line":72,"column":8},"end":{"line":72,"column":2017}}},"branchMap":{}},
"contracts/erc721/common/meta-transactions/Initializable.sol":{"l":{"9":90,"10":90,"11":90},"path":"/Users/sixn/Workspace/CDLxSevenSol/SC_ERC721_LAND/contracts/erc721/common/meta-transactions/Initializable.sol","s":{"1":90,"2":90},"b":{"1":[90,0]},"f":{"1":90},"fnMap":{"1":{"name":"initializer","line":8,"loc":{"start":{"line":8,"column":4},"end":{"line":12,"column":4}}}},"statementMap":{"1":{"start":{"line":9,"column":8},"end":{"line":9,"column":41}},"2":{"start":{"line":11,"column":8},"end":{"line":11,"column":20}}},"branchMap":{"1":{"line":9,"type":"if","locations":[{"start":{"line":9,"column":8},"end":{"line":9,"column":8}},{"start":{"line":9,"column":8},"end":{"line":9,"column":8}}]}}},
"contracts/erc721/common/meta-transactions/NativeMetaTransaction.sol":{"l":{"40":0,"46":0,"52":0,"54":0,"61":0,"64":0,"66":0,"74":0,"86":0,"96":0,"97":0},"path":"/Users/sixn/Workspace/CDLxSevenSol/SC_ERC721_LAND/contracts/erc721/common/meta-transactions/NativeMetaTransaction.sol","s":{"1":0,"2":0,"3":0,"4":0,"5":0,"6":0,"7":0,"8":0,"9":0,"10":0,"11":0},"b":{"1":[0,0],"2":[0,0],"3":[0,0]},"f":{"1":0,"2":0,"3":0,"4":0},"fnMap":{"1":{"name":"executeMetaTransaction","line":33,"loc":{"start":{"line":33,"column":4},"end":{"line":67,"column":4}}},"2":{"name":"hashMetaTransaction","line":69,"loc":{"start":{"line":69,"column":4},"end":{"line":83,"column":4}}},"3":{"name":"getNonce","line":85,"loc":{"start":{"line":85,"column":4},"end":{"line":87,"column":4}}},"4":{"name":"verify","line":89,"loc":{"start":{"line":89,"column":4},"end":{"line":105,"column":4}}}},"statementMap":{"1":{"start":{"line":40,"column":8},"end":{"line":40,"column":1206}},"2":{"start":{"line":46,"column":8},"end":{"line":46,"column":1395}},"3":{"start":{"line":52,"column":8},"end":{"line":52,"column":55}},"4":{"start":{"line":54,"column":8},"end":{"line":54,"column":1644}},"5":{"start":{"line":61,"column":8},"end":{"line":61,"column":1878}},"6":{"start":{"line":64,"column":8},"end":{"line":64,"column":55}},"7":{"start":{"line":66,"column":8},"end":{"line":66,"column":25}},"8":{"start":{"line":74,"column":8},"end":{"line":74,"column":2243}},"9":{"start":{"line":86,"column":8},"end":{"line":86,"column":27}},"10":{"start":{"line":96,"column":8},"end":{"line":96,"column":77}},"11":{"start":{"line":97,"column":8},"end":{"line":97,"column":2894}}},"branchMap":{"1":{"line":46,"type":"if","locations":[{"start":{"line":46,"column":8},"end":{"line":46,"column":8}},{"start":{"line":46,"column":8},"end":{"line":46,"column":8}}]},"2":{"line":64,"type":"if","locations":[{"start":{"line":64,"column":8},"end":{"line":64,"column":8}},{"start":{"line":64,"column":8},"end":{"line":64,"column":8}}]},"3":{"line":96,"type":"if","locations":[{"start":{"line":96,"column":8},"end":{"line":96,"column":8}},{"start":{"line":96,"column":8},"end":{"line":96,"column":8}}]}}},
"contracts/erc721/ERC721Tradable.sol":{"l":{"56":90,"57":90,"58":90,"74":1,"90":9,"91":9,"92":3,"95":6,"102":178,"109":22,"110":17,"112":21,"116":7,"120":1,"121":1,"122":1,"123":5,"128":17,"129":16,"130":16,"131":16,"132":16,"140":46,"141":1,"143":45},"path":"/Users/sixn/Workspace/CDLxSevenSol/SC_ERC721_LAND/contracts/erc721/ERC721Tradable.sol","s":{"1":90,"2":90,"3":90,"4":1,"5":9,"6":9,"7":3,"8":6,"9":178,"10":22,"11":17,"12":21,"13":7,"14":1,"15":1,"16":1,"17":5,"18":17,"19":16,"20":16,"21":16,"22":16,"23":46,"24":1,"25":45},"b":{"1":[3,6],"2":[17,5],"3":[16,1],"4":[16,0],"5":[1,45],"6":[0,1]},"f":{"1":90,"2":1,"3":9,"4":178,"5":22,"6":7,"7":1,"8":17,"9":46},"fnMap":{"1":{"name":"constructor","line":55,"loc":{"start":{"line":51,"column":4},"end":{"line":59,"column":4}}},"2":{"name":"tokenURI","line":68,"loc":{"start":{"line":68,"column":4},"end":{"line":78,"column":4}}},"3":{"name":"isApprovedForAll","line":83,"loc":{"start":{"line":83,"column":4},"end":{"line":96,"column":4}}},"4":{"name":"_msgSender","line":101,"loc":{"start":{"line":101,"column":4},"end":{"line":103,"column":4}}},"5":{"name":"approve","line":108,"loc":{"start":{"line":108,"column":4},"end":{"line":113,"column":4}}},"6":{"name":"addOperator","line":115,"loc":{"start":{"line":115,"column":4},"end":{"line":117,"column":4}}},"7":{"name":"revokeOperator","line":119,"loc":{"start":{"line":119,"column":4},"end":{"line":125,"column":4}}},"8":{"name":"_addLandToOperator","line":127,"loc":{"start":{"line":127,"column":4},"end":{"line":133,"column":4}}},"9":{"name":"_beforeTokenTransfer","line":135,"loc":{"start":{"line":135,"column":4},"end":{"line":144,"column":4}}}},"statementMap":{"1":{"start":{"line":56,"column":8},"end":{"line":56,"column":35}},"2":{"start":{"line":57,"column":8},"end":{"line":57,"column":51}},"3":{"start":{"line":58,"column":8},"end":{"line":58,"column":31}},"4":{"start":{"line":74,"column":8},"end":{"line":74,"column":2150}},"5":{"start":{"line":90,"column":8},"end":{"line":90,"column":73}},"6":{"start":{"line":91,"column":8},"end":{"line":91,"column":2674}},"7":{"start":{"line":92,"column":12},"end":{"line":92,"column":23}},"8":{"start":{"line":95,"column":8},"end":{"line":95,"column":54}},"9":{"start":{"line":102,"column":8},"end":{"line":102,"column":39}},"10":{"start":{"line":109,"column":8},"end":{"line":109,"column":3259}},"11":{"start":{"line":110,"column":12},"end":{"line":110,"column":42}},"12":{"start":{"line":112,"column":8},"end":{"line":112,"column":33}},"13":{"start":{"line":116,"column":8},"end":{"line":116,"column":23}},"14":{"start":{"line":120,"column":8},"end":{"line":120,"column":26}},"15":{"start":{"line":121,"column":8},"end":{"line":121,"column":62}},"16":{"start":{"line":122,"column":8},"end":{"line":122,"column":3635}},"17":{"start":{"line":123,"column":12},"end":{"line":123,"column":44}},"18":{"start":{"line":128,"column":8},"end":{"line":128,"column":57}},"19":{"start":{"line":129,"column":8},"end":{"line":129,"column":77}},"20":{"start":{"line":130,"column":8},"end":{"line":130,"column":63}},"21":{"start":{"line":131,"column":8},"end":{"line":131,"column":29}},"22":{"start":{"line":132,"column":8},"end":{"line":132,"column":44}},"23":{"start":{"line":140,"column":8},"end":{"line":140,"column":4261}},"24":{"start":{"line":141,"column":12},"end":{"line":141,"column":73}},"25":{"start":{"line":143,"column":8},"end":{"line":143,"column":52}}},"branchMap":{"1":{"line":91,"type":"if","locations":[{"start":{"line":91,"column":8},"end":{"line":91,"column":8}},{"start":{"line":91,"column":8},"end":{"line":91,"column":8}}]},"2":{"line":109,"type":"if","locations":[{"start":{"line":109,"column":8},"end":{"line":109,"column":8}},{"start":{"line":109,"column":8},"end":{"line":109,"column":8}}]},"3":{"line":128,"type":"if","locations":[{"start":{"line":128,"column":8},"end":{"line":128,"column":8}},{"start":{"line":128,"column":8},"end":{"line":128,"column":8}}]},"4":{"line":129,"type":"if","locations":[{"start":{"line":129,"column":8},"end":{"line":129,"column":8}},{"start":{"line":129,"column":8},"end":{"line":129,"column":8}}]},"5":{"line":140,"type":"if","locations":[{"start":{"line":140,"column":8},"end":{"line":140,"column":8}},{"start":{"line":140,"column":8},"end":{"line":140,"column":8}}]},"6":{"line":141,"type":"if","locations":[{"start":{"line":141,"column":12},"end":{"line":141,"column":12}},{"start":{"line":141,"column":12},"end":{"line":141,"column":12}}]}}},
"contracts/Operator.sol":{"l":{"8":7,"9":7,"10":6,"14":1,"15":1,"16":1,"20":73},"path":"/Users/sixn/Workspace/CDLxSevenSol/SC_ERC721_LAND/contracts/Operator.sol","s":{"1":7,"2":7,"3":6,"4":1,"5":1,"6":73},"b":{"1":[7,0],"2":[6,1],"3":[1,0],"4":[1,0]},"f":{"1":7,"2":1,"3":73},"fnMap":{"1":{"name":"_addOperator","line":7,"loc":{"start":{"line":7,"column":4},"end":{"line":11,"column":4}}},"2":{"name":"_revokeOperator","line":13,"loc":{"start":{"line":13,"column":4},"end":{"line":17,"column":4}}},"3":{"name":"isOperator","line":19,"loc":{"start":{"line":19,"column":4},"end":{"line":21,"column":4}}}},"statementMap":{"1":{"start":{"line":8,"column":8},"end":{"line":8,"column":76}},"2":{"start":{"line":9,"column":8},"end":{"line":9,"column":63}},"3":{"start":{"line":10,"column":8},"end":{"line":10,"column":38}},"4":{"start":{"line":14,"column":8},"end":{"line":14,"column":76}},"5":{"start":{"line":15,"column":8},"end":{"line":15,"column":62}},"6":{"start":{"line":20,"column":8},"end":{"line":20,"column":39}}},"branchMap":{"1":{"line":8,"type":"if","locations":[{"start":{"line":8,"column":8},"end":{"line":8,"column":8}},{"start":{"line":8,"column":8},"end":{"line":8,"column":8}}]},"2":{"line":9,"type":"if","locations":[{"start":{"line":9,"column":8},"end":{"line":9,"column":8}},{"start":{"line":9,"column":8},"end":{"line":9,"column":8}}]},"3":{"line":14,"type":"if","locations":[{"start":{"line":14,"column":8},"end":{"line":14,"column":8}},{"start":{"line":14,"column":8},"end":{"line":14,"column":8}}]},"4":{"line":15,"type":"if","locations":[{"start":{"line":15,"column":8},"end":{"line":15,"column":8}},{"start":{"line":15,"column":8},"end":{"line":15,"column":8}}]}}},
"contracts/test/MockProxyRegistry.sol":{"l":{"29":31},"path":"/Users/sixn/Workspace/CDLxSevenSol/SC_ERC721_LAND/contracts/test/MockProxyRegistry.sol","s":{"1":31},"b":{},"f":{"1":31},"fnMap":{"1":{"name":"setProxy","line":27,"loc":{"start":{"line":25,"column":2},"end":{"line":30,"column":2}}}},"statementMap":{"1":{"start":{"line":29,"column":6},"end":{"line":29,"column":41}}},"branchMap":{}}}
