{
"contracts/ANIV721Land.sol":{"l":{"11":0},"path":"/Users/sixn/Workspace/CDLxSevenSol/SC_ERC721_LAND/contracts/ANIV721Land.sol","s":{"1":0},"b":{},"f":{"1":75,"2":0},"fnMap":{"1":{"name":"constructor","line":8,"loc":{"start":{"line":8,"column":4},"end":{"line":8,"column":106}}},"2":{"name":"baseTokenURI","line":10,"loc":{"start":{"line":10,"column":4},"end":{"line":12,"column":4}}}},"statementMap":{"1":{"start":{"line":11,"column":8},"end":{"line":11,"column":41}}},"branchMap":{}},
"contracts/erc721/common/meta-transactions/ContentMixin.sol":{"l":{"11":169,"12":0,"13":0,"14":0,"22":169,"24":169},"path":"/Users/sixn/Workspace/CDLxSevenSol/SC_ERC721_LAND/contracts/erc721/common/meta-transactions/ContentMixin.sol","s":{"1":169,"2":0,"3":0,"4":169,"5":169},"b":{"1":[0,169]},"f":{"1":169},"fnMap":{"1":{"name":"msgSender","line":6,"loc":{"start":{"line":6,"column":4},"end":{"line":25,"column":4}}}},"statementMap":{"1":{"start":{"line":11,"column":8},"end":{"line":11,"column":210}},"2":{"start":{"line":12,"column":12},"end":{"line":12,"column":41}},"3":{"start":{"line":13,"column":12},"end":{"line":13,"column":43}},"4":{"start":{"line":22,"column":12},"end":{"line":22,"column":39}},"5":{"start":{"line":24,"column":8},"end":{"line":24,"column":21}}},"branchMap":{"1":{"line":11,"type":"if","locations":[{"start":{"line":11,"column":8},"end":{"line":11,"column":8}},{"start":{"line":11,"column":8},"end":{"line":11,"column":8}}]}}},
"contracts/erc721/common/meta-transactions/EIP712Base.sol":{"l":{"33":75,"37":75,"49":0,"53":75,"54":75,"57":75,"72":0},"path":"/Users/sixn/Workspace/CDLxSevenSol/SC_ERC721_LAND/contracts/erc721/common/meta-transactions/EIP712Base.sol","s":{"1":75,"2":75,"3":0,"4":75,"5":75,"6":0},"b":{},"f":{"1":75,"2":75,"3":0,"4":75,"5":0},"fnMap":{"1":{"name":"_initializeEIP712","line":31,"loc":{"start":{"line":27,"column":4},"end":{"line":34,"column":4}}},"2":{"name":"_setDomainSeperator","line":36,"loc":{"start":{"line":36,"column":4},"end":{"line":46,"column":4}}},"3":{"name":"getDomainSeperator","line":48,"loc":{"start":{"line":48,"column":4},"end":{"line":50,"column":4}}},"4":{"name":"getChainId","line":52,"loc":{"start":{"line":52,"column":4},"end":{"line":58,"column":4}}},"5":{"name":"toTypedMessageHash","line":67,"loc":{"start":{"line":67,"column":4},"end":{"line":76,"column":4}}}},"statementMap":{"1":{"start":{"line":33,"column":8},"end":{"line":33,"column":32}},"2":{"start":{"line":37,"column":8},"end":{"line":37,"column":985}},"3":{"start":{"line":49,"column":8},"end":{"line":49,"column":30}},"4":{"start":{"line":53,"column":8},"end":{"line":53,"column":18}},"5":{"start":{"line":57,"column":8},"end":{"line":57,"column":17}},"6":{"start":{"line":72,"column":8},"end":{"line":72,"column":2017}}},"branchMap":{}},
"contracts/erc721/common/meta-transactions/Initializable.sol":{"l":{"9":75,"10":75,"11":75},"path":"/Users/sixn/Workspace/CDLxSevenSol/SC_ERC721_LAND/contracts/erc721/common/meta-transactions/Initializable.sol","s":{"1":75,"2":75},"b":{"1":[75,0]},"f":{"1":75},"fnMap":{"1":{"name":"initializer","line":8,"loc":{"start":{"line":8,"column":4},"end":{"line":12,"column":4}}}},"statementMap":{"1":{"start":{"line":9,"column":8},"end":{"line":9,"column":41}},"2":{"start":{"line":11,"column":8},"end":{"line":11,"column":20}}},"branchMap":{"1":{"line":9,"type":"if","locations":[{"start":{"line":9,"column":8},"end":{"line":9,"column":8}},{"start":{"line":9,"column":8},"end":{"line":9,"column":8}}]}}},
"contracts/erc721/common/meta-transactions/NativeMetaTransaction.sol":{"l":{"40":0,"46":0,"52":0,"54":0,"61":0,"64":0,"66":0,"74":0,"86":0,"96":0,"97":0},"path":"/Users/sixn/Workspace/CDLxSevenSol/SC_ERC721_LAND/contracts/erc721/common/meta-transactions/NativeMetaTransaction.sol","s":{"1":0,"2":0,"3":0,"4":0,"5":0,"6":0,"7":0,"8":0,"9":0,"10":0,"11":0},"b":{"1":[0,0],"2":[0,0],"3":[0,0]},"f":{"1":0,"2":0,"3":0,"4":0},"fnMap":{"1":{"name":"executeMetaTransaction","line":33,"loc":{"start":{"line":33,"column":4},"end":{"line":67,"column":4}}},"2":{"name":"hashMetaTransaction","line":69,"loc":{"start":{"line":69,"column":4},"end":{"line":83,"column":4}}},"3":{"name":"getNonce","line":85,"loc":{"start":{"line":85,"column":4},"end":{"line":87,"column":4}}},"4":{"name":"verify","line":89,"loc":{"start":{"line":89,"column":4},"end":{"line":105,"column":4}}}},"statementMap":{"1":{"start":{"line":40,"column":8},"end":{"line":40,"column":1206}},"2":{"start":{"line":46,"column":8},"end":{"line":46,"column":1395}},"3":{"start":{"line":52,"column":8},"end":{"line":52,"column":55}},"4":{"start":{"line":54,"column":8},"end":{"line":54,"column":1644}},"5":{"start":{"line":61,"column":8},"end":{"line":61,"column":1878}},"6":{"start":{"line":64,"column":8},"end":{"line":64,"column":55}},"7":{"start":{"line":66,"column":8},"end":{"line":66,"column":25}},"8":{"start":{"line":74,"column":8},"end":{"line":74,"column":2243}},"9":{"start":{"line":86,"column":8},"end":{"line":86,"column":27}},"10":{"start":{"line":96,"column":8},"end":{"line":96,"column":77}},"11":{"start":{"line":97,"column":8},"end":{"line":97,"column":2894}}},"branchMap":{"1":{"line":46,"type":"if","locations":[{"start":{"line":46,"column":8},"end":{"line":46,"column":8}},{"start":{"line":46,"column":8},"end":{"line":46,"column":8}}]},"2":{"line":64,"type":"if","locations":[{"start":{"line":64,"column":8},"end":{"line":64,"column":8}},{"start":{"line":64,"column":8},"end":{"line":64,"column":8}}]},"3":{"line":96,"type":"if","locations":[{"start":{"line":96,"column":8},"end":{"line":96,"column":8}},{"start":{"line":96,"column":8},"end":{"line":96,"column":8}}]}}},
"contracts/erc721/ERC721Tradable.sol":{"l":{"52":75,"54":75,"55":75,"63":0,"64":0,"65":0,"73":0,"84":0,"100":7,"101":7,"102":0,"105":7,"112":147,"116":29,"123":22,"124":17,"126":21,"130":6,"134":1,"135":1,"136":5,"138":1,"142":17,"143":16,"144":16,"145":16,"146":16},"path":"/Users/sixn/Workspace/CDLxSevenSol/SC_ERC721_LAND/contracts/erc721/ERC721Tradable.sol","s":{"1":75,"2":75,"3":75,"4":0,"5":0,"6":0,"7":0,"8":0,"9":7,"10":7,"11":0,"12":7,"13":147,"14":29,"15":22,"16":17,"17":21,"18":6,"19":1,"20":1,"21":5,"22":1,"23":17,"24":16,"25":16,"26":16,"27":16},"b":{"1":[0,7],"2":[17,5],"3":[16,1],"4":[16,0]},"f":{"1":75,"2":0,"3":0,"4":0,"5":7,"6":147,"7":29,"8":22,"9":6,"10":1,"11":17},"fnMap":{"1":{"name":"constructor","line":51,"loc":{"start":{"line":47,"column":4},"end":{"line":56,"column":4}}},"2":{"name":"mintTo","line":62,"loc":{"start":{"line":62,"column":4},"end":{"line":66,"column":4}}},"3":{"name":"totalSupply","line":72,"loc":{"start":{"line":72,"column":4},"end":{"line":74,"column":4}}},"4":{"name":"tokenURI","line":78,"loc":{"start":{"line":78,"column":4},"end":{"line":88,"column":4}}},"5":{"name":"isApprovedForAll","line":93,"loc":{"start":{"line":93,"column":4},"end":{"line":106,"column":4}}},"6":{"name":"_msgSender","line":111,"loc":{"start":{"line":111,"column":4},"end":{"line":113,"column":4}}},"7":{"name":"mint","line":115,"loc":{"start":{"line":115,"column":4},"end":{"line":117,"column":4}}},"8":{"name":"approve","line":122,"loc":{"start":{"line":122,"column":4},"end":{"line":127,"column":4}}},"9":{"name":"addOperator","line":129,"loc":{"start":{"line":129,"column":4},"end":{"line":131,"column":4}}},"10":{"name":"revokeOperator","line":133,"loc":{"start":{"line":133,"column":4},"end":{"line":139,"column":4}}},"11":{"name":"_addLandToOperator","line":141,"loc":{"start":{"line":141,"column":4},"end":{"line":147,"column":4}}}},"statementMap":{"1":{"start":{"line":52,"column":8},"end":{"line":52,"column":51}},"2":{"start":{"line":54,"column":8},"end":{"line":54,"column":31}},"3":{"start":{"line":55,"column":8},"end":{"line":55,"column":31}},"4":{"start":{"line":63,"column":8},"end":{"line":63,"column":55}},"5":{"start":{"line":64,"column":8},"end":{"line":64,"column":31}},"6":{"start":{"line":65,"column":8},"end":{"line":65,"column":37}},"7":{"start":{"line":73,"column":8},"end":{"line":73,"column":41}},"8":{"start":{"line":84,"column":8},"end":{"line":84,"column":2630}},"9":{"start":{"line":100,"column":8},"end":{"line":100,"column":73}},"10":{"start":{"line":101,"column":8},"end":{"line":101,"column":3154}},"11":{"start":{"line":102,"column":12},"end":{"line":102,"column":23}},"12":{"start":{"line":105,"column":8},"end":{"line":105,"column":54}},"13":{"start":{"line":112,"column":8},"end":{"line":112,"column":39}},"14":{"start":{"line":116,"column":8},"end":{"line":116,"column":30}},"15":{"start":{"line":123,"column":8},"end":{"line":123,"column":3846}},"16":{"start":{"line":124,"column":12},"end":{"line":124,"column":42}},"17":{"start":{"line":126,"column":8},"end":{"line":126,"column":33}},"18":{"start":{"line":130,"column":8},"end":{"line":130,"column":23}},"19":{"start":{"line":134,"column":8},"end":{"line":134,"column":62}},"20":{"start":{"line":135,"column":8},"end":{"line":135,"column":4194}},"21":{"start":{"line":136,"column":12},"end":{"line":136,"column":44}},"22":{"start":{"line":138,"column":8},"end":{"line":138,"column":26}},"23":{"start":{"line":142,"column":8},"end":{"line":142,"column":57}},"24":{"start":{"line":143,"column":8},"end":{"line":143,"column":77}},"25":{"start":{"line":144,"column":8},"end":{"line":144,"column":63}},"26":{"start":{"line":145,"column":8},"end":{"line":145,"column":29}},"27":{"start":{"line":146,"column":8},"end":{"line":146,"column":44}}},"branchMap":{"1":{"line":101,"type":"if","locations":[{"start":{"line":101,"column":8},"end":{"line":101,"column":8}},{"start":{"line":101,"column":8},"end":{"line":101,"column":8}}]},"2":{"line":123,"type":"if","locations":[{"start":{"line":123,"column":8},"end":{"line":123,"column":8}},{"start":{"line":123,"column":8},"end":{"line":123,"column":8}}]},"3":{"line":142,"type":"if","locations":[{"start":{"line":142,"column":8},"end":{"line":142,"column":8}},{"start":{"line":142,"column":8},"end":{"line":142,"column":8}}]},"4":{"line":143,"type":"if","locations":[{"start":{"line":143,"column":8},"end":{"line":143,"column":8}},{"start":{"line":143,"column":8},"end":{"line":143,"column":8}}]}}},
"contracts/Operator.sol":{"l":{"10":6,"11":6,"12":5,"16":1,"17":1,"18":1,"22":26},"path":"/Users/sixn/Workspace/CDLxSevenSol/SC_ERC721_LAND/contracts/Operator.sol","s":{"1":6,"2":6,"3":5,"4":1,"5":1,"6":26},"b":{"1":[6,0],"2":[5,1],"3":[1,0],"4":[1,0]},"f":{"1":6,"2":1,"3":26},"fnMap":{"1":{"name":"_addOperator","line":9,"loc":{"start":{"line":9,"column":4},"end":{"line":13,"column":4}}},"2":{"name":"_revokeOperator","line":15,"loc":{"start":{"line":15,"column":4},"end":{"line":19,"column":4}}},"3":{"name":"isOperator","line":21,"loc":{"start":{"line":21,"column":4},"end":{"line":23,"column":4}}}},"statementMap":{"1":{"start":{"line":10,"column":8},"end":{"line":10,"column":76}},"2":{"start":{"line":11,"column":8},"end":{"line":11,"column":63}},"3":{"start":{"line":12,"column":8},"end":{"line":12,"column":38}},"4":{"start":{"line":16,"column":8},"end":{"line":16,"column":76}},"5":{"start":{"line":17,"column":8},"end":{"line":17,"column":62}},"6":{"start":{"line":22,"column":8},"end":{"line":22,"column":39}}},"branchMap":{"1":{"line":10,"type":"if","locations":[{"start":{"line":10,"column":8},"end":{"line":10,"column":8}},{"start":{"line":10,"column":8},"end":{"line":10,"column":8}}]},"2":{"line":11,"type":"if","locations":[{"start":{"line":11,"column":8},"end":{"line":11,"column":8}},{"start":{"line":11,"column":8},"end":{"line":11,"column":8}}]},"3":{"line":16,"type":"if","locations":[{"start":{"line":16,"column":8},"end":{"line":16,"column":8}},{"start":{"line":16,"column":8},"end":{"line":16,"column":8}}]},"4":{"line":17,"type":"if","locations":[{"start":{"line":17,"column":8},"end":{"line":17,"column":8}},{"start":{"line":17,"column":8},"end":{"line":17,"column":8}}]}}},
"contracts/test/MockProxyRegistry.sol":{"l":{"29":0},"path":"/Users/sixn/Workspace/CDLxSevenSol/SC_ERC721_LAND/contracts/test/MockProxyRegistry.sol","s":{"1":0},"b":{},"f":{"1":0},"fnMap":{"1":{"name":"setProxy","line":27,"loc":{"start":{"line":25,"column":2},"end":{"line":30,"column":2}}}},"statementMap":{"1":{"start":{"line":29,"column":6},"end":{"line":29,"column":41}}},"branchMap":{}}}
