TN:
SF:/Users/sixn/Workspace/CDLxSevenSol/SC_ERC721_LAND/contracts/ANIV721Land.sol
FN:13,constructor
FN:18,baseTokenURI
FN:22,totalSupply
FN:26,mint
FNF:4
FNH:0
FNDA:0,constructor
FNDA:0,baseTokenURI
FNDA:0,totalSupply
FNDA:0,mint
DA:15,0
DA:19,0
DA:23,0
DA:27,0
DA:31,0
DA:32,0
LF:6
LH:0
BRDA:27,1,0,0
BRDA:27,1,1,0
BRF:2
BRH:0
end_of_record
TN:
SF:/Users/sixn/Workspace/CDLxSevenSol/SC_ERC721_LAND/contracts/erc721/common/meta-transactions/ContentMixin.sol
FN:6,msgSender
FNF:1
FNH:0
FNDA:0,msgSender
DA:11,0
DA:12,0
DA:13,0
DA:14,0
DA:22,0
DA:24,0
LF:6
LH:0
BRDA:11,1,0,0
BRDA:11,1,1,0
BRF:2
BRH:0
end_of_record
TN:
SF:/Users/sixn/Workspace/CDLxSevenSol/SC_ERC721_LAND/contracts/erc721/common/meta-transactions/EIP712Base.sol
FN:31,_initializeEIP712
FN:36,_setDomainSeperator
FN:48,getDomainSeperator
FN:52,getChainId
FN:67,toTypedMessageHash
FNF:5
FNH:0
FNDA:0,_initializeEIP712
FNDA:0,_setDomainSeperator
FNDA:0,getDomainSeperator
FNDA:0,getChainId
FNDA:0,toTypedMessageHash
DA:33,0
DA:37,0
DA:49,0
DA:53,0
DA:54,0
DA:57,0
DA:72,0
LF:7
LH:0
BRF:0
BRH:0
end_of_record
TN:
SF:/Users/sixn/Workspace/CDLxSevenSol/SC_ERC721_LAND/contracts/erc721/common/meta-transactions/Initializable.sol
FN:8,initializer
FNF:1
FNH:0
FNDA:0,initializer
DA:9,0
DA:10,0
DA:11,0
LF:3
LH:0
BRDA:9,1,0,0
BRDA:9,1,1,0
BRF:2
BRH:0
end_of_record
TN:
SF:/Users/sixn/Workspace/CDLxSevenSol/SC_ERC721_LAND/contracts/erc721/common/meta-transactions/NativeMetaTransaction.sol
FN:33,executeMetaTransaction
FN:69,hashMetaTransaction
FN:85,getNonce
FN:89,verify
FNF:4
FNH:0
FNDA:0,executeMetaTransaction
FNDA:0,hashMetaTransaction
FNDA:0,getNonce
FNDA:0,verify
DA:40,0
DA:46,0
DA:52,0
DA:54,0
DA:61,0
DA:64,0
DA:66,0
DA:74,0
DA:86,0
DA:96,0
DA:97,0
LF:11
LH:0
BRDA:46,1,0,0
BRDA:46,1,1,0
BRDA:64,2,0,0
BRDA:64,2,1,0
BRDA:96,3,0,0
BRDA:96,3,1,0
BRF:6
BRH:0
end_of_record
TN:
SF:/Users/sixn/Workspace/CDLxSevenSol/SC_ERC721_LAND/contracts/erc721/ERC721Tradable.sol
FN:51,constructor
FN:63,tokenURI
FN:78,isApprovedForAll
FN:96,_msgSender
FN:103,approve
FN:110,addOperator
FN:114,revokeOperator
FN:122,_addLandToOperator
FNF:8
FNH:0
FNDA:0,constructor
FNDA:0,tokenURI
FNDA:0,isApprovedForAll
FNDA:0,_msgSender
FNDA:0,approve
FNDA:0,addOperator
FNDA:0,revokeOperator
FNDA:0,_addLandToOperator
DA:52,0
DA:53,0
DA:69,0
DA:85,0
DA:86,0
DA:87,0
DA:90,0
DA:97,0
DA:104,0
DA:105,0
DA:107,0
DA:111,0
DA:115,0
DA:116,0
DA:117,0
DA:119,0
DA:123,0
DA:124,0
DA:125,0
DA:126,0
DA:127,0
LF:21
LH:0
BRDA:86,1,0,0
BRDA:86,1,1,0
BRDA:104,2,0,0
BRDA:104,2,1,0
BRDA:123,3,0,0
BRDA:123,3,1,0
BRDA:124,4,0,0
BRDA:124,4,1,0
BRF:8
BRH:0
end_of_record
TN:
SF:/Users/sixn/Workspace/CDLxSevenSol/SC_ERC721_LAND/contracts/Operator.sol
FN:9,_addOperator
FN:15,_revokeOperator
FN:21,isOperator
FNF:3
FNH:0
FNDA:0,_addOperator
FNDA:0,_revokeOperator
FNDA:0,isOperator
DA:10,0
DA:11,0
DA:12,0
DA:16,0
DA:17,0
DA:18,0
DA:22,0
LF:7
LH:0
BRDA:10,1,0,0
BRDA:10,1,1,0
BRDA:11,2,0,0
BRDA:11,2,1,0
BRDA:16,3,0,0
BRDA:16,3,1,0
BRDA:17,4,0,0
BRDA:17,4,1,0
BRF:8
BRH:0
end_of_record
TN:
SF:/Users/sixn/Workspace/CDLxSevenSol/SC_ERC721_LAND/contracts/test/MockProxyRegistry.sol
FN:27,setProxy
FNF:1
FNH:0
FNDA:0,setProxy
DA:29,0
LF:1
LH:0
BRF:0
BRH:0
end_of_record
