TN:
SF:/Users/sixn/Workspace/CDLxSevenSol/SC_ERC721_LAND/contracts/ANIV721Land.sol
FN:13,constructor
FN:18,baseTokenURI
FN:22,totalSupply
FN:26,mint
FNF:4
FNH:4
FNDA:90,constructor
FNDA:2,baseTokenURI
FNDA:1,totalSupply
FNDA:42,mint
DA:15,90
DA:19,2
DA:23,1
DA:27,42
DA:28,42
DA:29,40
LF:6
LH:6
BRDA:27,1,0,42
BRDA:27,1,1,0
BRF:2
BRH:1
end_of_record
TN:
SF:/Users/sixn/Workspace/CDLxSevenSol/SC_ERC721_LAND/contracts/erc721/common/meta-transactions/ContentMixin.sol
FN:6,msgSender
FNF:1
FNH:1
FNDA:178,msgSender
DA:11,178
DA:12,0
DA:13,0
DA:14,0
DA:22,178
DA:24,178
LF:6
LH:3
BRDA:11,1,0,0
BRDA:11,1,1,178
BRF:2
BRH:1
end_of_record
TN:
SF:/Users/sixn/Workspace/CDLxSevenSol/SC_ERC721_LAND/contracts/erc721/common/meta-transactions/EIP712Base.sol
FN:31,_initializeEIP712
FN:36,_setDomainSeperator
FN:48,getDomainSeperator
FN:52,getChainId
FN:67,toTypedMessageHash
FNF:5
FNH:3
FNDA:90,_initializeEIP712
FNDA:90,_setDomainSeperator
FNDA:0,getDomainSeperator
FNDA:90,getChainId
FNDA:0,toTypedMessageHash
DA:33,90
DA:37,90
DA:49,0
DA:53,90
DA:54,90
DA:57,90
DA:72,0
LF:7
LH:5
BRF:0
BRH:0
end_of_record
TN:
SF:/Users/sixn/Workspace/CDLxSevenSol/SC_ERC721_LAND/contracts/erc721/common/meta-transactions/Initializable.sol
FN:8,initializer
FNF:1
FNH:1
FNDA:90,initializer
DA:9,90
DA:10,90
DA:11,90
LF:3
LH:3
BRDA:9,1,0,90
BRDA:9,1,1,0
BRF:2
BRH:1
end_of_record
TN:
SF:/Users/sixn/Workspace/CDLxSevenSol/SC_ERC721_LAND/contracts/erc721/common/meta-transactions/NativeMetaTransaction.sol
FN:33,executeMetaTransaction
FN:69,hashMetaTransaction
FN:85,getNonce
FN:89,verify
FNF:4
FNH:0
FNDA:0,executeMetaTransaction
FNDA:0,hashMetaTransaction
FNDA:0,getNonce
FNDA:0,verify
DA:40,0
DA:46,0
DA:52,0
DA:54,0
DA:61,0
DA:64,0
DA:66,0
DA:74,0
DA:86,0
DA:96,0
DA:97,0
LF:11
LH:0
BRDA:46,1,0,0
BRDA:46,1,1,0
BRDA:64,2,0,0
BRDA:64,2,1,0
BRDA:96,3,0,0
BRDA:96,3,1,0
BRF:6
BRH:0
end_of_record
TN:
SF:/Users/sixn/Workspace/CDLxSevenSol/SC_ERC721_LAND/contracts/erc721/ERC721Tradable.sol
FN:53,constructor
FN:66,tokenURI
FN:81,isApprovedForAll
FN:99,_msgSender
FN:106,approve
FN:113,addOperator
FN:117,revokeOperator
FN:125,_addLandToOperator
FN:133,_beforeTokenTransfer
FNF:9
FNH:9
FNDA:90,constructor
FNDA:1,tokenURI
FNDA:9,isApprovedForAll
FNDA:178,_msgSender
FNDA:22,approve
FNDA:7,addOperator
FNDA:1,revokeOperator
FNDA:17,_addLandToOperator
FNDA:46,_beforeTokenTransfer
DA:54,90
DA:55,90
DA:56,90
DA:72,1
DA:88,9
DA:89,9
DA:90,3
DA:93,6
DA:100,178
DA:107,22
DA:108,17
DA:110,21
DA:114,7
DA:118,1
DA:119,1
DA:120,1
DA:121,5
DA:126,17
DA:127,16
DA:128,16
DA:129,16
DA:130,16
DA:138,46
DA:139,1
DA:141,45
LF:25
LH:25
BRDA:89,1,0,3
BRDA:89,1,1,6
BRDA:107,2,0,17
BRDA:107,2,1,5
BRDA:126,3,0,16
BRDA:126,3,1,1
BRDA:127,4,0,16
BRDA:127,4,1,0
BRDA:138,5,0,1
BRDA:138,5,1,45
BRDA:139,6,0,0
BRDA:139,6,1,1
BRF:12
BRH:10
end_of_record
TN:
SF:/Users/sixn/Workspace/CDLxSevenSol/SC_ERC721_LAND/contracts/Operator.sol
FN:9,_addOperator
FN:15,_revokeOperator
FN:21,isOperator
FNF:3
FNH:3
FNDA:7,_addOperator
FNDA:1,_revokeOperator
FNDA:73,isOperator
DA:10,7
DA:11,7
DA:12,6
DA:16,1
DA:17,1
DA:18,1
DA:22,73
LF:7
LH:7
BRDA:10,1,0,7
BRDA:10,1,1,0
BRDA:11,2,0,6
BRDA:11,2,1,1
BRDA:16,3,0,1
BRDA:16,3,1,0
BRDA:17,4,0,1
BRDA:17,4,1,0
BRF:8
BRH:5
end_of_record
TN:
SF:/Users/sixn/Workspace/CDLxSevenSol/SC_ERC721_LAND/contracts/test/MockProxyRegistry.sol
FN:27,setProxy
FNF:1
FNH:1
FNDA:31,setProxy
DA:29,31
LF:1
LH:1
BRF:0
BRH:0
end_of_record
